<?xml version="1.0" encoding="UTF-8"?>
<!-- Generated by org.testng.reporters.JUnitXMLReporter -->
<testsuite ignored="0" hostname="DESKTOP-89C6F2A" failures="0" tests="4" name="Test" time="5.173" errors="0" timestamp="2024-01-05T14:24:22 EST">
  <testcase classname="api.tests.UserTests2Configfile" name="testcreateUser" time="2.51"/>
  <testcase classname="api.tests.UserTests2Configfile" name="testgetUser" time="0.335"/>
  <testcase classname="api.tests.UserTests2Configfile" name="testupdateUser" time="0.66"/>
  <testcase classname="api.tests.UserTests2Configfile" name="testdeleteUser" time="0.328"/>
</testsuite> <!-- Test -->
