<?xml version="1.0" encoding="UTF-8"?>
<!-- Generated by org.testng.reporters.JUnitXMLReporter -->
<testsuite ignored="0" hostname="DESKTOP-89C6F2A" failures="0" tests="4" name="Test" time="5.265" errors="0" timestamp="2024-01-05T14:57:08 EST">
  <testcase classname="api.tests.UserTests2Configfile" name="testcreateUser" time="2.802"/>
  <testcase classname="api.tests.UserTests2Configfile" name="testgetUser" time="0.34"/>
  <testcase classname="api.tests.UserTests2Configfile" name="testupdateUser" time="0.649"/>
  <testcase classname="api.tests.UserTests2Configfile" name="testdeleteUser" time="0.307"/>
</testsuite> <!-- Test -->
